  Body.cpp
D:\programming\Projects\StudyWare\StudyWare\StudyWare\Body.cpp(6,25): warning C4244: '=': conversion from 'int' to 'float', possible loss of data
D:\programming\Projects\StudyWare\StudyWare\StudyWare\Body.cpp(7,27): warning C4244: '=': conversion from 'int' to 'float', possible loss of data
D:\programming\Projects\StudyWare\StudyWare\StudyWare\Body.cpp(9,21): warning C4244: '=': conversion from 'float' to 'int', possible loss of data
D:\programming\Projects\StudyWare\StudyWare\StudyWare\Body.cpp(10,25): warning C4244: '=': conversion from 'float' to 'int', possible loss of data
D:\programming\Projects\StudyWare\StudyWare\StudyWare\Body.cpp(29,16): warning C4244: '/=': conversion from 'float' to 'int', possible loss of data
D:\programming\Projects\StudyWare\StudyWare\StudyWare\Body.cpp(30,17): warning C4244: '/=': conversion from 'float' to 'int', possible loss of data
D:\programming\Projects\StudyWare\StudyWare\StudyWare\Body.cpp(31,17): warning C4244: '/=': conversion from 'float' to 'int', possible loss of data
D:\programming\Projects\StudyWare\StudyWare\StudyWare\Body.cpp(32,18): warning C4244: '/=': conversion from 'float' to 'int', possible loss of data
D:\programming\Projects\StudyWare\StudyWare\StudyWare\Body.cpp(33,17): warning C4244: '/=': conversion from 'float' to 'int', possible loss of data
D:\programming\Projects\StudyWare\StudyWare\StudyWare\Body.cpp(34,18): warning C4244: '/=': conversion from 'float' to 'int', possible loss of data
D:\programming\Projects\StudyWare\StudyWare\StudyWare\Body.cpp(35,17): warning C4244: '/=': conversion from 'float' to 'int', possible loss of data
D:\programming\Projects\StudyWare\StudyWare\StudyWare\Body.cpp(36,18): warning C4244: '/=': conversion from 'float' to 'int', possible loss of data
D:\programming\Projects\StudyWare\StudyWare\StudyWare\Body.cpp(37,17): warning C4244: '/=': conversion from 'float' to 'int', possible loss of data
D:\programming\Projects\StudyWare\StudyWare\StudyWare\Body.cpp(38,18): warning C4244: '/=': conversion from 'float' to 'int', possible loss of data
D:\programming\Projects\StudyWare\StudyWare\StudyWare\Body.cpp(39,18): warning C4244: '/=': conversion from 'float' to 'int', possible loss of data
D:\programming\Projects\StudyWare\StudyWare\StudyWare\Body.cpp(40,19): warning C4244: '/=': conversion from 'float' to 'int', possible loss of data
D:\programming\Projects\StudyWare\StudyWare\StudyWare\Body.cpp(41,19): warning C4244: '/=': conversion from 'float' to 'int', possible loss of data
D:\programming\Projects\StudyWare\StudyWare\StudyWare\Body.cpp(42,20): warning C4244: '/=': conversion from 'float' to 'int', possible loss of data
D:\programming\Projects\StudyWare\StudyWare\StudyWare\Body.cpp(43,22): warning C4244: '/=': conversion from 'float' to 'int', possible loss of data
D:\programming\Projects\StudyWare\StudyWare\StudyWare\Body.cpp(44,23): warning C4244: '/=': conversion from 'float' to 'int', possible loss of data
D:\programming\Projects\StudyWare\StudyWare\StudyWare\Body.cpp(45,26): warning C4244: '/=': conversion from 'float' to 'int', possible loss of data
D:\programming\Projects\StudyWare\StudyWare\StudyWare\Body.cpp(46,27): warning C4244: '/=': conversion from 'float' to 'int', possible loss of data
D:\programming\Projects\StudyWare\StudyWare\StudyWare\Body.cpp(47,18): warning C4244: '/=': conversion from 'float' to 'int', possible loss of data
D:\programming\Projects\StudyWare\StudyWare\StudyWare\Body.cpp(48,19): warning C4244: '/=': conversion from 'float' to 'int', possible loss of data
D:\programming\Projects\StudyWare\StudyWare\StudyWare\Body.cpp(49,18): warning C4244: '/=': conversion from 'float' to 'int', possible loss of data
D:\programming\Projects\StudyWare\StudyWare\StudyWare\Body.cpp(50,19): warning C4244: '/=': conversion from 'float' to 'int', possible loss of data
D:\programming\Projects\StudyWare\StudyWare\StudyWare\Body.cpp(177,72): warning C4244: 'argument': conversion from 'float' to 'int', possible loss of data
D:\programming\Projects\StudyWare\StudyWare\StudyWare\Body.cpp(177,61): warning C4244: 'argument': conversion from 'float' to 'int', possible loss of data
D:\programming\Projects\StudyWare\StudyWare\StudyWare\Body.cpp(181,44): warning C4244: 'argument': conversion from 'int' to 'float', possible loss of data
D:\programming\Projects\StudyWare\StudyWare\StudyWare\Body.cpp(182,46): warning C4244: 'argument': conversion from 'float' to 'int', possible loss of data
D:\programming\Projects\StudyWare\StudyWare\StudyWare\Body.cpp(182,33): warning C4244: 'argument': conversion from 'float' to 'int', possible loss of data
D:\programming\Projects\StudyWare\StudyWare\StudyWare\Body.cpp(191,42): warning C4244: 'argument': conversion from 'int' to 'float', possible loss of data
D:\programming\Projects\StudyWare\StudyWare\StudyWare\Body.cpp(192,43): warning C4244: 'argument': conversion from 'float' to 'int', possible loss of data
D:\programming\Projects\StudyWare\StudyWare\StudyWare\Body.cpp(192,31): warning C4244: 'argument': conversion from 'float' to 'int', possible loss of data
D:\programming\Projects\StudyWare\StudyWare\StudyWare\Body.cpp(210,55): warning C4244: 'argument': conversion from 'int' to 'float', possible loss of data
D:\programming\Projects\StudyWare\StudyWare\StudyWare\Body.cpp(211,144): warning C4244: 'argument': conversion from 'float' to 'int', possible loss of data
D:\programming\Projects\StudyWare\StudyWare\StudyWare\Body.cpp(211,82): warning C4244: 'argument': conversion from 'float' to 'int', possible loss of data
D:\programming\Projects\StudyWare\StudyWare\StudyWare\Body.cpp(336,47): warning C4244: 'argument': conversion from 'int' to 'float', possible loss of data
D:\programming\Projects\StudyWare\StudyWare\StudyWare\Body.cpp(337,124): warning C4244: 'argument': conversion from 'float' to 'int', possible loss of data
D:\programming\Projects\StudyWare\StudyWare\StudyWare\Body.cpp(337,70): warning C4244: 'argument': conversion from 'float' to 'int', possible loss of data
D:\programming\Projects\StudyWare\StudyWare\StudyWare\Body.cpp(463,50): warning C4244: 'argument': conversion from 'int' to 'float', possible loss of data
D:\programming\Projects\StudyWare\StudyWare\StudyWare\Body.cpp(464,133): warning C4244: 'argument': conversion from 'float' to 'int', possible loss of data
D:\programming\Projects\StudyWare\StudyWare\StudyWare\Body.cpp(464,75): warning C4244: 'argument': conversion from 'float' to 'int', possible loss of data
D:\programming\Projects\StudyWare\StudyWare\StudyWare\Body.cpp(486,19): warning C4244: 'initializing': conversion from 'int' to 'float', possible loss of data
D:\programming\Projects\StudyWare\StudyWare\StudyWare\Body.cpp(487,83): warning C4244: 'argument': conversion from 'float' to 'int', possible loss of data
D:\programming\Projects\StudyWare\StudyWare\StudyWare\Body.cpp(487,46): warning C4244: 'argument': conversion from 'float' to 'int', possible loss of data
D:\programming\Projects\StudyWare\StudyWare\StudyWare\Body.cpp(625,73): warning C4244: 'argument': conversion from 'float' to 'int', possible loss of data
D:\programming\Projects\StudyWare\StudyWare\StudyWare\Body.cpp(625,53): warning C4244: 'argument': conversion from 'float' to 'int', possible loss of data
D:\programming\Projects\StudyWare\StudyWare\StudyWare\Body.cpp(656,45): warning C4244: 'argument': conversion from 'float' to 'int', possible loss of data
D:\programming\Projects\StudyWare\StudyWare\StudyWare\Body.cpp(656,30): warning C4244: 'argument': conversion from 'float' to 'int', possible loss of data
D:\programming\Projects\StudyWare\StudyWare\StudyWare\Body.cpp(657,45): warning C4244: 'argument': conversion from 'float' to 'int', possible loss of data
D:\programming\Projects\StudyWare\StudyWare\StudyWare\Body.cpp(657,30): warning C4244: 'argument': conversion from 'float' to 'int', possible loss of data
D:\programming\Projects\StudyWare\StudyWare\StudyWare\Body.cpp(659,49): warning C4244: 'argument': conversion from 'float' to 'int', possible loss of data
D:\programming\Projects\StudyWare\StudyWare\StudyWare\Body.cpp(659,34): warning C4244: 'argument': conversion from 'float' to 'int', possible loss of data
D:\programming\Projects\StudyWare\StudyWare\StudyWare\Body.cpp(661,92): warning C4244: 'argument': conversion from 'float' to 'int', possible loss of data
D:\programming\Projects\StudyWare\StudyWare\StudyWare\Body.cpp(661,65): warning C4244: 'argument': conversion from 'float' to 'int', possible loss of data
D:\programming\Projects\StudyWare\StudyWare\StudyWare\Body.cpp(693,45): warning C4244: 'argument': conversion from 'float' to 'int', possible loss of data
D:\programming\Projects\StudyWare\StudyWare\StudyWare\Body.cpp(693,30): warning C4244: 'argument': conversion from 'float' to 'int', possible loss of data
D:\programming\Projects\StudyWare\StudyWare\StudyWare\Body.cpp(694,45): warning C4244: 'argument': conversion from 'float' to 'int', possible loss of data
D:\programming\Projects\StudyWare\StudyWare\StudyWare\Body.cpp(694,30): warning C4244: 'argument': conversion from 'float' to 'int', possible loss of data
D:\programming\Projects\StudyWare\StudyWare\StudyWare\Body.cpp(696,49): warning C4244: 'argument': conversion from 'float' to 'int', possible loss of data
D:\programming\Projects\StudyWare\StudyWare\StudyWare\Body.cpp(696,34): warning C4244: 'argument': conversion from 'float' to 'int', possible loss of data
D:\programming\Projects\StudyWare\StudyWare\StudyWare\Body.cpp(698,92): warning C4244: 'argument': conversion from 'float' to 'int', possible loss of data
D:\programming\Projects\StudyWare\StudyWare\StudyWare\Body.cpp(698,65): warning C4244: 'argument': conversion from 'float' to 'int', possible loss of data
D:\programming\Projects\StudyWare\StudyWare\StudyWare\Body.cpp(730,45): warning C4244: 'argument': conversion from 'float' to 'int', possible loss of data
D:\programming\Projects\StudyWare\StudyWare\StudyWare\Body.cpp(730,30): warning C4244: 'argument': conversion from 'float' to 'int', possible loss of data
D:\programming\Projects\StudyWare\StudyWare\StudyWare\Body.cpp(731,45): warning C4244: 'argument': conversion from 'float' to 'int', possible loss of data
D:\programming\Projects\StudyWare\StudyWare\StudyWare\Body.cpp(731,30): warning C4244: 'argument': conversion from 'float' to 'int', possible loss of data
D:\programming\Projects\StudyWare\StudyWare\StudyWare\Body.cpp(733,49): warning C4244: 'argument': conversion from 'float' to 'int', possible loss of data
D:\programming\Projects\StudyWare\StudyWare\StudyWare\Body.cpp(733,34): warning C4244: 'argument': conversion from 'float' to 'int', possible loss of data
D:\programming\Projects\StudyWare\StudyWare\StudyWare\Body.cpp(735,92): warning C4244: 'argument': conversion from 'float' to 'int', possible loss of data
D:\programming\Projects\StudyWare\StudyWare\StudyWare\Body.cpp(735,65): warning C4244: 'argument': conversion from 'float' to 'int', possible loss of data
D:\programming\Projects\StudyWare\StudyWare\StudyWare\Body.cpp(768,45): warning C4244: 'argument': conversion from 'float' to 'int', possible loss of data
D:\programming\Projects\StudyWare\StudyWare\StudyWare\Body.cpp(768,30): warning C4244: 'argument': conversion from 'float' to 'int', possible loss of data
D:\programming\Projects\StudyWare\StudyWare\StudyWare\Body.cpp(769,45): warning C4244: 'argument': conversion from 'float' to 'int', possible loss of data
D:\programming\Projects\StudyWare\StudyWare\StudyWare\Body.cpp(769,30): warning C4244: 'argument': conversion from 'float' to 'int', possible loss of data
D:\programming\Projects\StudyWare\StudyWare\StudyWare\Body.cpp(771,49): warning C4244: 'argument': conversion from 'float' to 'int', possible loss of data
D:\programming\Projects\StudyWare\StudyWare\StudyWare\Body.cpp(771,34): warning C4244: 'argument': conversion from 'float' to 'int', possible loss of data
D:\programming\Projects\StudyWare\StudyWare\StudyWare\Body.cpp(773,92): warning C4244: 'argument': conversion from 'float' to 'int', possible loss of data
D:\programming\Projects\StudyWare\StudyWare\StudyWare\Body.cpp(773,65): warning C4244: 'argument': conversion from 'float' to 'int', possible loss of data
D:\programming\Projects\StudyWare\StudyWare\StudyWare\Body.cpp(780,73): warning C4244: 'argument': conversion from 'float' to 'int', possible loss of data
D:\programming\Projects\StudyWare\StudyWare\StudyWare\Body.cpp(780,53): warning C4244: 'argument': conversion from 'float' to 'int', possible loss of data
D:\programming\Projects\StudyWare\StudyWare\StudyWare\Body.cpp(811,45): warning C4244: 'argument': conversion from 'float' to 'int', possible loss of data
D:\programming\Projects\StudyWare\StudyWare\StudyWare\Body.cpp(811,30): warning C4244: 'argument': conversion from 'float' to 'int', possible loss of data
D:\programming\Projects\StudyWare\StudyWare\StudyWare\Body.cpp(812,45): warning C4244: 'argument': conversion from 'float' to 'int', possible loss of data
D:\programming\Projects\StudyWare\StudyWare\StudyWare\Body.cpp(812,30): warning C4244: 'argument': conversion from 'float' to 'int', possible loss of data
D:\programming\Projects\StudyWare\StudyWare\StudyWare\Body.cpp(814,49): warning C4244: 'argument': conversion from 'float' to 'int', possible loss of data
D:\programming\Projects\StudyWare\StudyWare\StudyWare\Body.cpp(814,34): warning C4244: 'argument': conversion from 'float' to 'int', possible loss of data
D:\programming\Projects\StudyWare\StudyWare\StudyWare\Body.cpp(816,92): warning C4244: 'argument': conversion from 'float' to 'int', possible loss of data
D:\programming\Projects\StudyWare\StudyWare\StudyWare\Body.cpp(816,65): warning C4244: 'argument': conversion from 'float' to 'int', possible loss of data
D:\programming\Projects\StudyWare\StudyWare\StudyWare\Body.cpp(848,45): warning C4244: 'argument': conversion from 'float' to 'int', possible loss of data
D:\programming\Projects\StudyWare\StudyWare\StudyWare\Body.cpp(848,30): warning C4244: 'argument': conversion from 'float' to 'int', possible loss of data
D:\programming\Projects\StudyWare\StudyWare\StudyWare\Body.cpp(849,45): warning C4244: 'argument': conversion from 'float' to 'int', possible loss of data
D:\programming\Projects\StudyWare\StudyWare\StudyWare\Body.cpp(849,30): warning C4244: 'argument': conversion from 'float' to 'int', possible loss of data
D:\programming\Projects\StudyWare\StudyWare\StudyWare\Body.cpp(851,49): warning C4244: 'argument': conversion from 'float' to 'int', possible loss of data
D:\programming\Projects\StudyWare\StudyWare\StudyWare\Body.cpp(851,34): warning C4244: 'argument': conversion from 'float' to 'int', possible loss of data
D:\programming\Projects\StudyWare\StudyWare\StudyWare\Body.cpp(853,92): warning C4244: 'argument': conversion from 'float' to 'int', possible loss of data
D:\programming\Projects\StudyWare\StudyWare\StudyWare\Body.cpp(853,65): warning C4244: 'argument': conversion from 'float' to 'int', possible loss of data
D:\programming\Projects\StudyWare\StudyWare\StudyWare\Body.cpp(885,45): warning C4244: 'argument': conversion from 'float' to 'int', possible loss of data
D:\programming\Projects\StudyWare\StudyWare\StudyWare\Body.cpp(885,30): warning C4244: 'argument': conversion from 'float' to 'int', possible loss of data
D:\programming\Projects\StudyWare\StudyWare\StudyWare\Body.cpp(886,45): warning C4244: 'argument': conversion from 'float' to 'int', possible loss of data
D:\programming\Projects\StudyWare\StudyWare\StudyWare\Body.cpp(886,30): warning C4244: 'argument': conversion from 'float' to 'int', possible loss of data
D:\programming\Projects\StudyWare\StudyWare\StudyWare\Body.cpp(888,49): warning C4244: 'argument': conversion from 'float' to 'int', possible loss of data
D:\programming\Projects\StudyWare\StudyWare\StudyWare\Body.cpp(888,34): warning C4244: 'argument': conversion from 'float' to 'int', possible loss of data
D:\programming\Projects\StudyWare\StudyWare\StudyWare\Body.cpp(890,92): warning C4244: 'argument': conversion from 'float' to 'int', possible loss of data
D:\programming\Projects\StudyWare\StudyWare\StudyWare\Body.cpp(890,65): warning C4244: 'argument': conversion from 'float' to 'int', possible loss of data
D:\programming\Projects\StudyWare\StudyWare\StudyWare\Body.cpp(923,45): warning C4244: 'argument': conversion from 'float' to 'int', possible loss of data
D:\programming\Projects\StudyWare\StudyWare\StudyWare\Body.cpp(923,30): warning C4244: 'argument': conversion from 'float' to 'int', possible loss of data
D:\programming\Projects\StudyWare\StudyWare\StudyWare\Body.cpp(924,45): warning C4244: 'argument': conversion from 'float' to 'int', possible loss of data
D:\programming\Projects\StudyWare\StudyWare\StudyWare\Body.cpp(924,30): warning C4244: 'argument': conversion from 'float' to 'int', possible loss of data
D:\programming\Projects\StudyWare\StudyWare\StudyWare\Body.cpp(926,49): warning C4244: 'argument': conversion from 'float' to 'int', possible loss of data
D:\programming\Projects\StudyWare\StudyWare\StudyWare\Body.cpp(926,34): warning C4244: 'argument': conversion from 'float' to 'int', possible loss of data
D:\programming\Projects\StudyWare\StudyWare\StudyWare\Body.cpp(928,92): warning C4244: 'argument': conversion from 'float' to 'int', possible loss of data
D:\programming\Projects\StudyWare\StudyWare\StudyWare\Body.cpp(928,65): warning C4244: 'argument': conversion from 'float' to 'int', possible loss of data
D:\programming\Projects\StudyWare\StudyWare\StudyWare\Body.cpp(934,73): warning C4244: 'argument': conversion from 'float' to 'int', possible loss of data
D:\programming\Projects\StudyWare\StudyWare\StudyWare\Body.cpp(934,53): warning C4244: 'argument': conversion from 'float' to 'int', possible loss of data
D:\programming\Projects\StudyWare\StudyWare\StudyWare\Body.cpp(965,45): warning C4244: 'argument': conversion from 'float' to 'int', possible loss of data
D:\programming\Projects\StudyWare\StudyWare\StudyWare\Body.cpp(965,30): warning C4244: 'argument': conversion from 'float' to 'int', possible loss of data
D:\programming\Projects\StudyWare\StudyWare\StudyWare\Body.cpp(966,45): warning C4244: 'argument': conversion from 'float' to 'int', possible loss of data
D:\programming\Projects\StudyWare\StudyWare\StudyWare\Body.cpp(966,30): warning C4244: 'argument': conversion from 'float' to 'int', possible loss of data
D:\programming\Projects\StudyWare\StudyWare\StudyWare\Body.cpp(968,49): warning C4244: 'argument': conversion from 'float' to 'int', possible loss of data
D:\programming\Projects\StudyWare\StudyWare\StudyWare\Body.cpp(968,34): warning C4244: 'argument': conversion from 'float' to 'int', possible loss of data
D:\programming\Projects\StudyWare\StudyWare\StudyWare\Body.cpp(970,92): warning C4244: 'argument': conversion from 'float' to 'int', possible loss of data
D:\programming\Projects\StudyWare\StudyWare\StudyWare\Body.cpp(970,65): warning C4244: 'argument': conversion from 'float' to 'int', possible loss of data
D:\programming\Projects\StudyWare\StudyWare\StudyWare\Body.cpp(1002,45): warning C4244: 'argument': conversion from 'float' to 'int', possible loss of data
D:\programming\Projects\StudyWare\StudyWare\StudyWare\Body.cpp(1002,30): warning C4244: 'argument': conversion from 'float' to 'int', possible loss of data
D:\programming\Projects\StudyWare\StudyWare\StudyWare\Body.cpp(1003,45): warning C4244: 'argument': conversion from 'float' to 'int', possible loss of data
D:\programming\Projects\StudyWare\StudyWare\StudyWare\Body.cpp(1003,30): warning C4244: 'argument': conversion from 'float' to 'int', possible loss of data
D:\programming\Projects\StudyWare\StudyWare\StudyWare\Body.cpp(1005,49): warning C4244: 'argument': conversion from 'float' to 'int', possible loss of data
D:\programming\Projects\StudyWare\StudyWare\StudyWare\Body.cpp(1005,34): warning C4244: 'argument': conversion from 'float' to 'int', possible loss of data
D:\programming\Projects\StudyWare\StudyWare\StudyWare\Body.cpp(1007,92): warning C4244: 'argument': conversion from 'float' to 'int', possible loss of data
D:\programming\Projects\StudyWare\StudyWare\StudyWare\Body.cpp(1007,65): warning C4244: 'argument': conversion from 'float' to 'int', possible loss of data
D:\programming\Projects\StudyWare\StudyWare\StudyWare\Body.cpp(1039,45): warning C4244: 'argument': conversion from 'float' to 'int', possible loss of data
D:\programming\Projects\StudyWare\StudyWare\StudyWare\Body.cpp(1039,30): warning C4244: 'argument': conversion from 'float' to 'int', possible loss of data
D:\programming\Projects\StudyWare\StudyWare\StudyWare\Body.cpp(1040,45): warning C4244: 'argument': conversion from 'float' to 'int', possible loss of data
D:\programming\Projects\StudyWare\StudyWare\StudyWare\Body.cpp(1040,30): warning C4244: 'argument': conversion from 'float' to 'int', possible loss of data
D:\programming\Projects\StudyWare\StudyWare\StudyWare\Body.cpp(1042,49): warning C4244: 'argument': conversion from 'float' to 'int', possible loss of data
D:\programming\Projects\StudyWare\StudyWare\StudyWare\Body.cpp(1042,34): warning C4244: 'argument': conversion from 'float' to 'int', possible loss of data
D:\programming\Projects\StudyWare\StudyWare\StudyWare\Body.cpp(1044,92): warning C4244: 'argument': conversion from 'float' to 'int', possible loss of data
D:\programming\Projects\StudyWare\StudyWare\StudyWare\Body.cpp(1044,65): warning C4244: 'argument': conversion from 'float' to 'int', possible loss of data
D:\programming\Projects\StudyWare\StudyWare\StudyWare\Body.cpp(1077,45): warning C4244: 'argument': conversion from 'float' to 'int', possible loss of data
D:\programming\Projects\StudyWare\StudyWare\StudyWare\Body.cpp(1077,30): warning C4244: 'argument': conversion from 'float' to 'int', possible loss of data
D:\programming\Projects\StudyWare\StudyWare\StudyWare\Body.cpp(1078,45): warning C4244: 'argument': conversion from 'float' to 'int', possible loss of data
D:\programming\Projects\StudyWare\StudyWare\StudyWare\Body.cpp(1078,30): warning C4244: 'argument': conversion from 'float' to 'int', possible loss of data
D:\programming\Projects\StudyWare\StudyWare\StudyWare\Body.cpp(1080,49): warning C4244: 'argument': conversion from 'float' to 'int', possible loss of data
D:\programming\Projects\StudyWare\StudyWare\StudyWare\Body.cpp(1080,34): warning C4244: 'argument': conversion from 'float' to 'int', possible loss of data
D:\programming\Projects\StudyWare\StudyWare\StudyWare\Body.cpp(1082,92): warning C4244: 'argument': conversion from 'float' to 'int', possible loss of data
D:\programming\Projects\StudyWare\StudyWare\StudyWare\Body.cpp(1082,65): warning C4244: 'argument': conversion from 'float' to 'int', possible loss of data
D:\programming\Projects\StudyWare\StudyWare\StudyWare\Body.cpp(1088,73): warning C4244: 'argument': conversion from 'float' to 'int', possible loss of data
D:\programming\Projects\StudyWare\StudyWare\StudyWare\Body.cpp(1088,53): warning C4244: 'argument': conversion from 'float' to 'int', possible loss of data
D:\programming\Projects\StudyWare\StudyWare\StudyWare\Body.cpp(1119,45): warning C4244: 'argument': conversion from 'float' to 'int', possible loss of data
D:\programming\Projects\StudyWare\StudyWare\StudyWare\Body.cpp(1119,30): warning C4244: 'argument': conversion from 'float' to 'int', possible loss of data
D:\programming\Projects\StudyWare\StudyWare\StudyWare\Body.cpp(1120,45): warning C4244: 'argument': conversion from 'float' to 'int', possible loss of data
D:\programming\Projects\StudyWare\StudyWare\StudyWare\Body.cpp(1120,30): warning C4244: 'argument': conversion from 'float' to 'int', possible loss of data
D:\programming\Projects\StudyWare\StudyWare\StudyWare\Body.cpp(1122,49): warning C4244: 'argument': conversion from 'float' to 'int', possible loss of data
D:\programming\Projects\StudyWare\StudyWare\StudyWare\Body.cpp(1122,34): warning C4244: 'argument': conversion from 'float' to 'int', possible loss of data
D:\programming\Projects\StudyWare\StudyWare\StudyWare\Body.cpp(1124,92): warning C4244: 'argument': conversion from 'float' to 'int', possible loss of data
D:\programming\Projects\StudyWare\StudyWare\StudyWare\Body.cpp(1124,65): warning C4244: 'argument': conversion from 'float' to 'int', possible loss of data
D:\programming\Projects\StudyWare\StudyWare\StudyWare\Body.cpp(1156,45): warning C4244: 'argument': conversion from 'float' to 'int', possible loss of data
D:\programming\Projects\StudyWare\StudyWare\StudyWare\Body.cpp(1156,30): warning C4244: 'argument': conversion from 'float' to 'int', possible loss of data
D:\programming\Projects\StudyWare\StudyWare\StudyWare\Body.cpp(1157,45): warning C4244: 'argument': conversion from 'float' to 'int', possible loss of data
D:\programming\Projects\StudyWare\StudyWare\StudyWare\Body.cpp(1157,30): warning C4244: 'argument': conversion from 'float' to 'int', possible loss of data
D:\programming\Projects\StudyWare\StudyWare\StudyWare\Body.cpp(1159,49): warning C4244: 'argument': conversion from 'float' to 'int', possible loss of data
D:\programming\Projects\StudyWare\StudyWare\StudyWare\Body.cpp(1159,34): warning C4244: 'argument': conversion from 'float' to 'int', possible loss of data
D:\programming\Projects\StudyWare\StudyWare\StudyWare\Body.cpp(1161,92): warning C4244: 'argument': conversion from 'float' to 'int', possible loss of data
D:\programming\Projects\StudyWare\StudyWare\StudyWare\Body.cpp(1161,65): warning C4244: 'argument': conversion from 'float' to 'int', possible loss of data
D:\programming\Projects\StudyWare\StudyWare\StudyWare\Body.cpp(1193,45): warning C4244: 'argument': conversion from 'float' to 'int', possible loss of data
D:\programming\Projects\StudyWare\StudyWare\StudyWare\Body.cpp(1193,30): warning C4244: 'argument': conversion from 'float' to 'int', possible loss of data
D:\programming\Projects\StudyWare\StudyWare\StudyWare\Body.cpp(1194,45): warning C4244: 'argument': conversion from 'float' to 'int', possible loss of data
D:\programming\Projects\StudyWare\StudyWare\StudyWare\Body.cpp(1194,30): warning C4244: 'argument': conversion from 'float' to 'int', possible loss of data
D:\programming\Projects\StudyWare\StudyWare\StudyWare\Body.cpp(1196,49): warning C4244: 'argument': conversion from 'float' to 'int', possible loss of data
D:\programming\Projects\StudyWare\StudyWare\StudyWare\Body.cpp(1196,34): warning C4244: 'argument': conversion from 'float' to 'int', possible loss of data
D:\programming\Projects\StudyWare\StudyWare\StudyWare\Body.cpp(1198,92): warning C4244: 'argument': conversion from 'float' to 'int', possible loss of data
D:\programming\Projects\StudyWare\StudyWare\StudyWare\Body.cpp(1198,65): warning C4244: 'argument': conversion from 'float' to 'int', possible loss of data
D:\programming\Projects\StudyWare\StudyWare\StudyWare\Body.cpp(1231,45): warning C4244: 'argument': conversion from 'float' to 'int', possible loss of data
D:\programming\Projects\StudyWare\StudyWare\StudyWare\Body.cpp(1231,30): warning C4244: 'argument': conversion from 'float' to 'int', possible loss of data
D:\programming\Projects\StudyWare\StudyWare\StudyWare\Body.cpp(1232,45): warning C4244: 'argument': conversion from 'float' to 'int', possible loss of data
D:\programming\Projects\StudyWare\StudyWare\StudyWare\Body.cpp(1232,30): warning C4244: 'argument': conversion from 'float' to 'int', possible loss of data
D:\programming\Projects\StudyWare\StudyWare\StudyWare\Body.cpp(1234,49): warning C4244: 'argument': conversion from 'float' to 'int', possible loss of data
D:\programming\Projects\StudyWare\StudyWare\StudyWare\Body.cpp(1234,34): warning C4244: 'argument': conversion from 'float' to 'int', possible loss of data
D:\programming\Projects\StudyWare\StudyWare\StudyWare\Body.cpp(1236,92): warning C4244: 'argument': conversion from 'float' to 'int', possible loss of data
D:\programming\Projects\StudyWare\StudyWare\StudyWare\Body.cpp(1236,65): warning C4244: 'argument': conversion from 'float' to 'int', possible loss of data
D:\programming\Projects\StudyWare\StudyWare\StudyWare\Body.cpp(1242,73): warning C4244: 'argument': conversion from 'float' to 'int', possible loss of data
D:\programming\Projects\StudyWare\StudyWare\StudyWare\Body.cpp(1242,53): warning C4244: 'argument': conversion from 'float' to 'int', possible loss of data
D:\programming\Projects\StudyWare\StudyWare\StudyWare\Body.cpp(1273,45): warning C4244: 'argument': conversion from 'float' to 'int', possible loss of data
D:\programming\Projects\StudyWare\StudyWare\StudyWare\Body.cpp(1273,30): warning C4244: 'argument': conversion from 'float' to 'int', possible loss of data
D:\programming\Projects\StudyWare\StudyWare\StudyWare\Body.cpp(1274,45): warning C4244: 'argument': conversion from 'float' to 'int', possible loss of data
D:\programming\Projects\StudyWare\StudyWare\StudyWare\Body.cpp(1274,30): warning C4244: 'argument': conversion from 'float' to 'int', possible loss of data
D:\programming\Projects\StudyWare\StudyWare\StudyWare\Body.cpp(1276,49): warning C4244: 'argument': conversion from 'float' to 'int', possible loss of data
D:\programming\Projects\StudyWare\StudyWare\StudyWare\Body.cpp(1276,34): warning C4244: 'argument': conversion from 'float' to 'int', possible loss of data
D:\programming\Projects\StudyWare\StudyWare\StudyWare\Body.cpp(1278,92): warning C4244: 'argument': conversion from 'float' to 'int', possible loss of data
D:\programming\Projects\StudyWare\StudyWare\StudyWare\Body.cpp(1278,65): warning C4244: 'argument': conversion from 'float' to 'int', possible loss of data
D:\programming\Projects\StudyWare\StudyWare\StudyWare\Body.cpp(1310,45): warning C4244: 'argument': conversion from 'float' to 'int', possible loss of data
D:\programming\Projects\StudyWare\StudyWare\StudyWare\Body.cpp(1310,30): warning C4244: 'argument': conversion from 'float' to 'int', possible loss of data
D:\programming\Projects\StudyWare\StudyWare\StudyWare\Body.cpp(1311,45): warning C4244: 'argument': conversion from 'float' to 'int', possible loss of data
D:\programming\Projects\StudyWare\StudyWare\StudyWare\Body.cpp(1311,30): warning C4244: 'argument': conversion from 'float' to 'int', possible loss of data
D:\programming\Projects\StudyWare\StudyWare\StudyWare\Body.cpp(1313,49): warning C4244: 'argument': conversion from 'float' to 'int', possible loss of data
D:\programming\Projects\StudyWare\StudyWare\StudyWare\Body.cpp(1313,34): warning C4244: 'argument': conversion from 'float' to 'int', possible loss of data
D:\programming\Projects\StudyWare\StudyWare\StudyWare\Body.cpp(1315,92): warning C4244: 'argument': conversion from 'float' to 'int', possible loss of data
D:\programming\Projects\StudyWare\StudyWare\StudyWare\Body.cpp(1315,65): warning C4244: 'argument': conversion from 'float' to 'int', possible loss of data
D:\programming\Projects\StudyWare\StudyWare\StudyWare\Body.cpp(1347,45): warning C4244: 'argument': conversion from 'float' to 'int', possible loss of data
D:\programming\Projects\StudyWare\StudyWare\StudyWare\Body.cpp(1347,30): warning C4244: 'argument': conversion from 'float' to 'int', possible loss of data
D:\programming\Projects\StudyWare\StudyWare\StudyWare\Body.cpp(1348,45): warning C4244: 'argument': conversion from 'float' to 'int', possible loss of data
D:\programming\Projects\StudyWare\StudyWare\StudyWare\Body.cpp(1348,30): warning C4244: 'argument': conversion from 'float' to 'int', possible loss of data
D:\programming\Projects\StudyWare\StudyWare\StudyWare\Body.cpp(1350,49): warning C4244: 'argument': conversion from 'float' to 'int', possible loss of data
D:\programming\Projects\StudyWare\StudyWare\StudyWare\Body.cpp(1350,34): warning C4244: 'argument': conversion from 'float' to 'int', possible loss of data
D:\programming\Projects\StudyWare\StudyWare\StudyWare\Body.cpp(1352,92): warning C4244: 'argument': conversion from 'float' to 'int', possible loss of data
D:\programming\Projects\StudyWare\StudyWare\StudyWare\Body.cpp(1352,65): warning C4244: 'argument': conversion from 'float' to 'int', possible loss of data
D:\programming\Projects\StudyWare\StudyWare\StudyWare\Body.cpp(1385,45): warning C4244: 'argument': conversion from 'float' to 'int', possible loss of data
D:\programming\Projects\StudyWare\StudyWare\StudyWare\Body.cpp(1385,30): warning C4244: 'argument': conversion from 'float' to 'int', possible loss of data
D:\programming\Projects\StudyWare\StudyWare\StudyWare\Body.cpp(1386,45): warning C4244: 'argument': conversion from 'float' to 'int', possible loss of data
D:\programming\Projects\StudyWare\StudyWare\StudyWare\Body.cpp(1386,30): warning C4244: 'argument': conversion from 'float' to 'int', possible loss of data
D:\programming\Projects\StudyWare\StudyWare\StudyWare\Body.cpp(1388,49): warning C4244: 'argument': conversion from 'float' to 'int', possible loss of data
D:\programming\Projects\StudyWare\StudyWare\StudyWare\Body.cpp(1388,34): warning C4244: 'argument': conversion from 'float' to 'int', possible loss of data
D:\programming\Projects\StudyWare\StudyWare\StudyWare\Body.cpp(1390,92): warning C4244: 'argument': conversion from 'float' to 'int', possible loss of data
D:\programming\Projects\StudyWare\StudyWare\StudyWare\Body.cpp(1390,65): warning C4244: 'argument': conversion from 'float' to 'int', possible loss of data
D:\programming\Projects\StudyWare\StudyWare\StudyWare\Body.cpp(1396,73): warning C4244: 'argument': conversion from 'float' to 'int', possible loss of data
D:\programming\Projects\StudyWare\StudyWare\StudyWare\Body.cpp(1396,53): warning C4244: 'argument': conversion from 'float' to 'int', possible loss of data
D:\programming\Projects\StudyWare\StudyWare\StudyWare\Body.cpp(1427,45): warning C4244: 'argument': conversion from 'float' to 'int', possible loss of data
D:\programming\Projects\StudyWare\StudyWare\StudyWare\Body.cpp(1427,30): warning C4244: 'argument': conversion from 'float' to 'int', possible loss of data
D:\programming\Projects\StudyWare\StudyWare\StudyWare\Body.cpp(1428,45): warning C4244: 'argument': conversion from 'float' to 'int', possible loss of data
D:\programming\Projects\StudyWare\StudyWare\StudyWare\Body.cpp(1428,30): warning C4244: 'argument': conversion from 'float' to 'int', possible loss of data
D:\programming\Projects\StudyWare\StudyWare\StudyWare\Body.cpp(1430,49): warning C4244: 'argument': conversion from 'float' to 'int', possible loss of data
D:\programming\Projects\StudyWare\StudyWare\StudyWare\Body.cpp(1430,34): warning C4244: 'argument': conversion from 'float' to 'int', possible loss of data
D:\programming\Projects\StudyWare\StudyWare\StudyWare\Body.cpp(1432,92): warning C4244: 'argument': conversion from 'float' to 'int', possible loss of data
D:\programming\Projects\StudyWare\StudyWare\StudyWare\Body.cpp(1432,65): warning C4244: 'argument': conversion from 'float' to 'int', possible loss of data
D:\programming\Projects\StudyWare\StudyWare\StudyWare\Body.cpp(1464,45): warning C4244: 'argument': conversion from 'float' to 'int', possible loss of data
D:\programming\Projects\StudyWare\StudyWare\StudyWare\Body.cpp(1464,30): warning C4244: 'argument': conversion from 'float' to 'int', possible loss of data
D:\programming\Projects\StudyWare\StudyWare\StudyWare\Body.cpp(1465,45): warning C4244: 'argument': conversion from 'float' to 'int', possible loss of data
D:\programming\Projects\StudyWare\StudyWare\StudyWare\Body.cpp(1465,30): warning C4244: 'argument': conversion from 'float' to 'int', possible loss of data
D:\programming\Projects\StudyWare\StudyWare\StudyWare\Body.cpp(1467,49): warning C4244: 'argument': conversion from 'float' to 'int', possible loss of data
D:\programming\Projects\StudyWare\StudyWare\StudyWare\Body.cpp(1467,34): warning C4244: 'argument': conversion from 'float' to 'int', possible loss of data
D:\programming\Projects\StudyWare\StudyWare\StudyWare\Body.cpp(1469,92): warning C4244: 'argument': conversion from 'float' to 'int', possible loss of data
D:\programming\Projects\StudyWare\StudyWare\StudyWare\Body.cpp(1469,65): warning C4244: 'argument': conversion from 'float' to 'int', possible loss of data
D:\programming\Projects\StudyWare\StudyWare\StudyWare\Body.cpp(1501,45): warning C4244: 'argument': conversion from 'float' to 'int', possible loss of data
D:\programming\Projects\StudyWare\StudyWare\StudyWare\Body.cpp(1501,30): warning C4244: 'argument': conversion from 'float' to 'int', possible loss of data
D:\programming\Projects\StudyWare\StudyWare\StudyWare\Body.cpp(1502,45): warning C4244: 'argument': conversion from 'float' to 'int', possible loss of data
D:\programming\Projects\StudyWare\StudyWare\StudyWare\Body.cpp(1502,30): warning C4244: 'argument': conversion from 'float' to 'int', possible loss of data
D:\programming\Projects\StudyWare\StudyWare\StudyWare\Body.cpp(1504,49): warning C4244: 'argument': conversion from 'float' to 'int', possible loss of data
D:\programming\Projects\StudyWare\StudyWare\StudyWare\Body.cpp(1504,34): warning C4244: 'argument': conversion from 'float' to 'int', possible loss of data
D:\programming\Projects\StudyWare\StudyWare\StudyWare\Body.cpp(1506,92): warning C4244: 'argument': conversion from 'float' to 'int', possible loss of data
D:\programming\Projects\StudyWare\StudyWare\StudyWare\Body.cpp(1506,65): warning C4244: 'argument': conversion from 'float' to 'int', possible loss of data
D:\programming\Projects\StudyWare\StudyWare\StudyWare\Body.cpp(1539,45): warning C4244: 'argument': conversion from 'float' to 'int', possible loss of data
D:\programming\Projects\StudyWare\StudyWare\StudyWare\Body.cpp(1539,30): warning C4244: 'argument': conversion from 'float' to 'int', possible loss of data
D:\programming\Projects\StudyWare\StudyWare\StudyWare\Body.cpp(1540,45): warning C4244: 'argument': conversion from 'float' to 'int', possible loss of data
D:\programming\Projects\StudyWare\StudyWare\StudyWare\Body.cpp(1540,30): warning C4244: 'argument': conversion from 'float' to 'int', possible loss of data
D:\programming\Projects\StudyWare\StudyWare\StudyWare\Body.cpp(1542,49): warning C4244: 'argument': conversion from 'float' to 'int', possible loss of data
D:\programming\Projects\StudyWare\StudyWare\StudyWare\Body.cpp(1542,34): warning C4244: 'argument': conversion from 'float' to 'int', possible loss of data
D:\programming\Projects\StudyWare\StudyWare\StudyWare\Body.cpp(1544,92): warning C4244: 'argument': conversion from 'float' to 'int', possible loss of data
D:\programming\Projects\StudyWare\StudyWare\StudyWare\Body.cpp(1544,65): warning C4244: 'argument': conversion from 'float' to 'int', possible loss of data
D:\programming\Projects\StudyWare\StudyWare\StudyWare\Body.cpp(1550,73): warning C4244: 'argument': conversion from 'float' to 'int', possible loss of data
D:\programming\Projects\StudyWare\StudyWare\StudyWare\Body.cpp(1550,53): warning C4244: 'argument': conversion from 'float' to 'int', possible loss of data
D:\programming\Projects\StudyWare\StudyWare\StudyWare\Body.cpp(1581,45): warning C4244: 'argument': conversion from 'float' to 'int', possible loss of data
D:\programming\Projects\StudyWare\StudyWare\StudyWare\Body.cpp(1581,30): warning C4244: 'argument': conversion from 'float' to 'int', possible loss of data
D:\programming\Projects\StudyWare\StudyWare\StudyWare\Body.cpp(1582,45): warning C4244: 'argument': conversion from 'float' to 'int', possible loss of data
D:\programming\Projects\StudyWare\StudyWare\StudyWare\Body.cpp(1582,30): warning C4244: 'argument': conversion from 'float' to 'int', possible loss of data
D:\programming\Projects\StudyWare\StudyWare\StudyWare\Body.cpp(1584,49): warning C4244: 'argument': conversion from 'float' to 'int', possible loss of data
D:\programming\Projects\StudyWare\StudyWare\StudyWare\Body.cpp(1584,34): warning C4244: 'argument': conversion from 'float' to 'int', possible loss of data
D:\programming\Projects\StudyWare\StudyWare\StudyWare\Body.cpp(1586,92): warning C4244: 'argument': conversion from 'float' to 'int', possible loss of data
D:\programming\Projects\StudyWare\StudyWare\StudyWare\Body.cpp(1586,65): warning C4244: 'argument': conversion from 'float' to 'int', possible loss of data
D:\programming\Projects\StudyWare\StudyWare\StudyWare\Body.cpp(1618,45): warning C4244: 'argument': conversion from 'float' to 'int', possible loss of data
D:\programming\Projects\StudyWare\StudyWare\StudyWare\Body.cpp(1618,30): warning C4244: 'argument': conversion from 'float' to 'int', possible loss of data
D:\programming\Projects\StudyWare\StudyWare\StudyWare\Body.cpp(1619,45): warning C4244: 'argument': conversion from 'float' to 'int', possible loss of data
D:\programming\Projects\StudyWare\StudyWare\StudyWare\Body.cpp(1619,30): warning C4244: 'argument': conversion from 'float' to 'int', possible loss of data
D:\programming\Projects\StudyWare\StudyWare\StudyWare\Body.cpp(1621,49): warning C4244: 'argument': conversion from 'float' to 'int', possible loss of data
D:\programming\Projects\StudyWare\StudyWare\StudyWare\Body.cpp(1621,34): warning C4244: 'argument': conversion from 'float' to 'int', possible loss of data
D:\programming\Projects\StudyWare\StudyWare\StudyWare\Body.cpp(1623,92): warning C4244: 'argument': conversion from 'float' to 'int', possible loss of data
D:\programming\Projects\StudyWare\StudyWare\StudyWare\Body.cpp(1623,65): warning C4244: 'argument': conversion from 'float' to 'int', possible loss of data
D:\programming\Projects\StudyWare\StudyWare\StudyWare\Body.cpp(1655,45): warning C4244: 'argument': conversion from 'float' to 'int', possible loss of data
D:\programming\Projects\StudyWare\StudyWare\StudyWare\Body.cpp(1655,30): warning C4244: 'argument': conversion from 'float' to 'int', possible loss of data
D:\programming\Projects\StudyWare\StudyWare\StudyWare\Body.cpp(1656,45): warning C4244: 'argument': conversion from 'float' to 'int', possible loss of data
D:\programming\Projects\StudyWare\StudyWare\StudyWare\Body.cpp(1656,30): warning C4244: 'argument': conversion from 'float' to 'int', possible loss of data
D:\programming\Projects\StudyWare\StudyWare\StudyWare\Body.cpp(1658,49): warning C4244: 'argument': conversion from 'float' to 'int', possible loss of data
D:\programming\Projects\StudyWare\StudyWare\StudyWare\Body.cpp(1658,34): warning C4244: 'argument': conversion from 'float' to 'int', possible loss of data
D:\programming\Projects\StudyWare\StudyWare\StudyWare\Body.cpp(1660,92): warning C4244: 'argument': conversion from 'float' to 'int', possible loss of data
D:\programming\Projects\StudyWare\StudyWare\StudyWare\Body.cpp(1660,65): warning C4244: 'argument': conversion from 'float' to 'int', possible loss of data
D:\programming\Projects\StudyWare\StudyWare\StudyWare\Body.cpp(1693,45): warning C4244: 'argument': conversion from 'float' to 'int', possible loss of data
D:\programming\Projects\StudyWare\StudyWare\StudyWare\Body.cpp(1693,30): warning C4244: 'argument': conversion from 'float' to 'int', possible loss of data
D:\programming\Projects\StudyWare\StudyWare\StudyWare\Body.cpp(1694,45): warning C4244: 'argument': conversion from 'float' to 'int', possible loss of data
D:\programming\Projects\StudyWare\StudyWare\StudyWare\Body.cpp(1694,30): warning C4244: 'argument': conversion from 'float' to 'int', possible loss of data
D:\programming\Projects\StudyWare\StudyWare\StudyWare\Body.cpp(1696,49): warning C4244: 'argument': conversion from 'float' to 'int', possible loss of data
D:\programming\Projects\StudyWare\StudyWare\StudyWare\Body.cpp(1696,34): warning C4244: 'argument': conversion from 'float' to 'int', possible loss of data
D:\programming\Projects\StudyWare\StudyWare\StudyWare\Body.cpp(1698,92): warning C4244: 'argument': conversion from 'float' to 'int', possible loss of data
D:\programming\Projects\StudyWare\StudyWare\StudyWare\Body.cpp(1698,65): warning C4244: 'argument': conversion from 'float' to 'int', possible loss of data
D:\programming\Projects\StudyWare\StudyWare\StudyWare\Body.cpp(1704,73): warning C4244: 'argument': conversion from 'float' to 'int', possible loss of data
D:\programming\Projects\StudyWare\StudyWare\StudyWare\Body.cpp(1704,53): warning C4244: 'argument': conversion from 'float' to 'int', possible loss of data
D:\programming\Projects\StudyWare\StudyWare\StudyWare\Body.cpp(1735,45): warning C4244: 'argument': conversion from 'float' to 'int', possible loss of data
D:\programming\Projects\StudyWare\StudyWare\StudyWare\Body.cpp(1735,30): warning C4244: 'argument': conversion from 'float' to 'int', possible loss of data
D:\programming\Projects\StudyWare\StudyWare\StudyWare\Body.cpp(1736,45): warning C4244: 'argument': conversion from 'float' to 'int', possible loss of data
D:\programming\Projects\StudyWare\StudyWare\StudyWare\Body.cpp(1736,30): warning C4244: 'argument': conversion from 'float' to 'int', possible loss of data
D:\programming\Projects\StudyWare\StudyWare\StudyWare\Body.cpp(1738,49): warning C4244: 'argument': conversion from 'float' to 'int', possible loss of data
D:\programming\Projects\StudyWare\StudyWare\StudyWare\Body.cpp(1738,34): warning C4244: 'argument': conversion from 'float' to 'int', possible loss of data
D:\programming\Projects\StudyWare\StudyWare\StudyWare\Body.cpp(1740,92): warning C4244: 'argument': conversion from 'float' to 'int', possible loss of data
D:\programming\Projects\StudyWare\StudyWare\StudyWare\Body.cpp(1740,65): warning C4244: 'argument': conversion from 'float' to 'int', possible loss of data
D:\programming\Projects\StudyWare\StudyWare\StudyWare\Body.cpp(1772,45): warning C4244: 'argument': conversion from 'float' to 'int', possible loss of data
D:\programming\Projects\StudyWare\StudyWare\StudyWare\Body.cpp(1772,30): warning C4244: 'argument': conversion from 'float' to 'int', possible loss of data
D:\programming\Projects\StudyWare\StudyWare\StudyWare\Body.cpp(1773,45): warning C4244: 'argument': conversion from 'float' to 'int', possible loss of data
D:\programming\Projects\StudyWare\StudyWare\StudyWare\Body.cpp(1773,30): warning C4244: 'argument': conversion from 'float' to 'int', possible loss of data
D:\programming\Projects\StudyWare\StudyWare\StudyWare\Body.cpp(1775,49): warning C4244: 'argument': conversion from 'float' to 'int', possible loss of data
D:\programming\Projects\StudyWare\StudyWare\StudyWare\Body.cpp(1775,34): warning C4244: 'argument': conversion from 'float' to 'int', possible loss of data
D:\programming\Projects\StudyWare\StudyWare\StudyWare\Body.cpp(1777,92): warning C4244: 'argument': conversion from 'float' to 'int', possible loss of data
D:\programming\Projects\StudyWare\StudyWare\StudyWare\Body.cpp(1777,65): warning C4244: 'argument': conversion from 'float' to 'int', possible loss of data
D:\programming\Projects\StudyWare\StudyWare\StudyWare\Body.cpp(1809,45): warning C4244: 'argument': conversion from 'float' to 'int', possible loss of data
D:\programming\Projects\StudyWare\StudyWare\StudyWare\Body.cpp(1809,30): warning C4244: 'argument': conversion from 'float' to 'int', possible loss of data
D:\programming\Projects\StudyWare\StudyWare\StudyWare\Body.cpp(1810,45): warning C4244: 'argument': conversion from 'float' to 'int', possible loss of data
D:\programming\Projects\StudyWare\StudyWare\StudyWare\Body.cpp(1810,30): warning C4244: 'argument': conversion from 'float' to 'int', possible loss of data
D:\programming\Projects\StudyWare\StudyWare\StudyWare\Body.cpp(1812,49): warning C4244: 'argument': conversion from 'float' to 'int', possible loss of data
D:\programming\Projects\StudyWare\StudyWare\StudyWare\Body.cpp(1812,34): warning C4244: 'argument': conversion from 'float' to 'int', possible loss of data
D:\programming\Projects\StudyWare\StudyWare\StudyWare\Body.cpp(1814,92): warning C4244: 'argument': conversion from 'float' to 'int', possible loss of data
D:\programming\Projects\StudyWare\StudyWare\StudyWare\Body.cpp(1814,65): warning C4244: 'argument': conversion from 'float' to 'int', possible loss of data
D:\programming\Projects\StudyWare\StudyWare\StudyWare\Body.cpp(1847,45): warning C4244: 'argument': conversion from 'float' to 'int', possible loss of data
D:\programming\Projects\StudyWare\StudyWare\StudyWare\Body.cpp(1847,30): warning C4244: 'argument': conversion from 'float' to 'int', possible loss of data
D:\programming\Projects\StudyWare\StudyWare\StudyWare\Body.cpp(1848,45): warning C4244: 'argument': conversion from 'float' to 'int', possible loss of data
D:\programming\Projects\StudyWare\StudyWare\StudyWare\Body.cpp(1848,30): warning C4244: 'argument': conversion from 'float' to 'int', possible loss of data
D:\programming\Projects\StudyWare\StudyWare\StudyWare\Body.cpp(1850,49): warning C4244: 'argument': conversion from 'float' to 'int', possible loss of data
D:\programming\Projects\StudyWare\StudyWare\StudyWare\Body.cpp(1850,34): warning C4244: 'argument': conversion from 'float' to 'int', possible loss of data
D:\programming\Projects\StudyWare\StudyWare\StudyWare\Body.cpp(1852,92): warning C4244: 'argument': conversion from 'float' to 'int', possible loss of data
D:\programming\Projects\StudyWare\StudyWare\StudyWare\Body.cpp(1852,65): warning C4244: 'argument': conversion from 'float' to 'int', possible loss of data
D:\programming\Projects\StudyWare\StudyWare\StudyWare\Body.cpp(1858,73): warning C4244: 'argument': conversion from 'float' to 'int', possible loss of data
D:\programming\Projects\StudyWare\StudyWare\StudyWare\Body.cpp(1858,53): warning C4244: 'argument': conversion from 'float' to 'int', possible loss of data
D:\programming\Projects\StudyWare\StudyWare\StudyWare\Body.cpp(1889,45): warning C4244: 'argument': conversion from 'float' to 'int', possible loss of data
D:\programming\Projects\StudyWare\StudyWare\StudyWare\Body.cpp(1889,30): warning C4244: 'argument': conversion from 'float' to 'int', possible loss of data
D:\programming\Projects\StudyWare\StudyWare\StudyWare\Body.cpp(1890,45): warning C4244: 'argument': conversion from 'float' to 'int', possible loss of data
D:\programming\Projects\StudyWare\StudyWare\StudyWare\Body.cpp(1890,30): warning C4244: 'argument': conversion from 'float' to 'int', possible loss of data
D:\programming\Projects\StudyWare\StudyWare\StudyWare\Body.cpp(1892,49): warning C4244: 'argument': conversion from 'float' to 'int', possible loss of data
D:\programming\Projects\StudyWare\StudyWare\StudyWare\Body.cpp(1892,34): warning C4244: 'argument': conversion from 'float' to 'int', possible loss of data
D:\programming\Projects\StudyWare\StudyWare\StudyWare\Body.cpp(1894,92): warning C4244: 'argument': conversion from 'float' to 'int', possible loss of data
D:\programming\Projects\StudyWare\StudyWare\StudyWare\Body.cpp(1894,65): warning C4244: 'argument': conversion from 'float' to 'int', possible loss of data
D:\programming\Projects\StudyWare\StudyWare\StudyWare\Body.cpp(1926,45): warning C4244: 'argument': conversion from 'float' to 'int', possible loss of data
D:\programming\Projects\StudyWare\StudyWare\StudyWare\Body.cpp(1926,30): warning C4244: 'argument': conversion from 'float' to 'int', possible loss of data
D:\programming\Projects\StudyWare\StudyWare\StudyWare\Body.cpp(1927,45): warning C4244: 'argument': conversion from 'float' to 'int', possible loss of data
D:\programming\Projects\StudyWare\StudyWare\StudyWare\Body.cpp(1927,30): warning C4244: 'argument': conversion from 'float' to 'int', possible loss of data
D:\programming\Projects\StudyWare\StudyWare\StudyWare\Body.cpp(1929,49): warning C4244: 'argument': conversion from 'float' to 'int', possible loss of data
D:\programming\Projects\StudyWare\StudyWare\StudyWare\Body.cpp(1929,34): warning C4244: 'argument': conversion from 'float' to 'int', possible loss of data
D:\programming\Projects\StudyWare\StudyWare\StudyWare\Body.cpp(1931,92): warning C4244: 'argument': conversion from 'float' to 'int', possible loss of data
D:\programming\Projects\StudyWare\StudyWare\StudyWare\Body.cpp(1931,65): warning C4244: 'argument': conversion from 'float' to 'int', possible loss of data
D:\programming\Projects\StudyWare\StudyWare\StudyWare\Body.cpp(1963,45): warning C4244: 'argument': conversion from 'float' to 'int', possible loss of data
D:\programming\Projects\StudyWare\StudyWare\StudyWare\Body.cpp(1963,30): warning C4244: 'argument': conversion from 'float' to 'int', possible loss of data
D:\programming\Projects\StudyWare\StudyWare\StudyWare\Body.cpp(1964,45): warning C4244: 'argument': conversion from 'float' to 'int', possible loss of data
D:\programming\Projects\StudyWare\StudyWare\StudyWare\Body.cpp(1964,30): warning C4244: 'argument': conversion from 'float' to 'int', possible loss of data
D:\programming\Projects\StudyWare\StudyWare\StudyWare\Body.cpp(1966,49): warning C4244: 'argument': conversion from 'float' to 'int', possible loss of data
D:\programming\Projects\StudyWare\StudyWare\StudyWare\Body.cpp(1966,34): warning C4244: 'argument': conversion from 'float' to 'int', possible loss of data
D:\programming\Projects\StudyWare\StudyWare\StudyWare\Body.cpp(1968,92): warning C4244: 'argument': conversion from 'float' to 'int', possible loss of data
D:\programming\Projects\StudyWare\StudyWare\StudyWare\Body.cpp(1968,65): warning C4244: 'argument': conversion from 'float' to 'int', possible loss of data
D:\programming\Projects\StudyWare\StudyWare\StudyWare\Body.cpp(2001,45): warning C4244: 'argument': conversion from 'float' to 'int', possible loss of data
D:\programming\Projects\StudyWare\StudyWare\StudyWare\Body.cpp(2001,30): warning C4244: 'argument': conversion from 'float' to 'int', possible loss of data
D:\programming\Projects\StudyWare\StudyWare\StudyWare\Body.cpp(2002,45): warning C4244: 'argument': conversion from 'float' to 'int', possible loss of data
D:\programming\Projects\StudyWare\StudyWare\StudyWare\Body.cpp(2002,30): warning C4244: 'argument': conversion from 'float' to 'int', possible loss of data
D:\programming\Projects\StudyWare\StudyWare\StudyWare\Body.cpp(2004,49): warning C4244: 'argument': conversion from 'float' to 'int', possible loss of data
D:\programming\Projects\StudyWare\StudyWare\StudyWare\Body.cpp(2004,34): warning C4244: 'argument': conversion from 'float' to 'int', possible loss of data
D:\programming\Projects\StudyWare\StudyWare\StudyWare\Body.cpp(2006,92): warning C4244: 'argument': conversion from 'float' to 'int', possible loss of data
D:\programming\Projects\StudyWare\StudyWare\StudyWare\Body.cpp(2006,65): warning C4244: 'argument': conversion from 'float' to 'int', possible loss of data
D:\programming\Projects\StudyWare\StudyWare\StudyWare\Body.cpp(2012,73): warning C4244: 'argument': conversion from 'float' to 'int', possible loss of data
D:\programming\Projects\StudyWare\StudyWare\StudyWare\Body.cpp(2012,53): warning C4244: 'argument': conversion from 'float' to 'int', possible loss of data
D:\programming\Projects\StudyWare\StudyWare\StudyWare\Body.cpp(2043,45): warning C4244: 'argument': conversion from 'float' to 'int', possible loss of data
D:\programming\Projects\StudyWare\StudyWare\StudyWare\Body.cpp(2043,30): warning C4244: 'argument': conversion from 'float' to 'int', possible loss of data
D:\programming\Projects\StudyWare\StudyWare\StudyWare\Body.cpp(2044,45): warning C4244: 'argument': conversion from 'float' to 'int', possible loss of data
D:\programming\Projects\StudyWare\StudyWare\StudyWare\Body.cpp(2044,30): warning C4244: 'argument': conversion from 'float' to 'int', possible loss of data
D:\programming\Projects\StudyWare\StudyWare\StudyWare\Body.cpp(2046,49): warning C4244: 'argument': conversion from 'float' to 'int', possible loss of data
D:\programming\Projects\StudyWare\StudyWare\StudyWare\Body.cpp(2046,34): warning C4244: 'argument': conversion from 'float' to 'int', possible loss of data
D:\programming\Projects\StudyWare\StudyWare\StudyWare\Body.cpp(2048,92): warning C4244: 'argument': conversion from 'float' to 'int', possible loss of data
D:\programming\Projects\StudyWare\StudyWare\StudyWare\Body.cpp(2048,65): warning C4244: 'argument': conversion from 'float' to 'int', possible loss of data
D:\programming\Projects\StudyWare\StudyWare\StudyWare\Body.cpp(2080,45): warning C4244: 'argument': conversion from 'float' to 'int', possible loss of data
D:\programming\Projects\StudyWare\StudyWare\StudyWare\Body.cpp(2080,30): warning C4244: 'argument': conversion from 'float' to 'int', possible loss of data
D:\programming\Projects\StudyWare\StudyWare\StudyWare\Body.cpp(2081,45): warning C4244: 'argument': conversion from 'float' to 'int', possible loss of data
D:\programming\Projects\StudyWare\StudyWare\StudyWare\Body.cpp(2081,30): warning C4244: 'argument': conversion from 'float' to 'int', possible loss of data
D:\programming\Projects\StudyWare\StudyWare\StudyWare\Body.cpp(2083,49): warning C4244: 'argument': conversion from 'float' to 'int', possible loss of data
D:\programming\Projects\StudyWare\StudyWare\StudyWare\Body.cpp(2083,34): warning C4244: 'argument': conversion from 'float' to 'int', possible loss of data
D:\programming\Projects\StudyWare\StudyWare\StudyWare\Body.cpp(2085,92): warning C4244: 'argument': conversion from 'float' to 'int', possible loss of data
D:\programming\Projects\StudyWare\StudyWare\StudyWare\Body.cpp(2085,65): warning C4244: 'argument': conversion from 'float' to 'int', possible loss of data
D:\programming\Projects\StudyWare\StudyWare\StudyWare\Body.cpp(2117,45): warning C4244: 'argument': conversion from 'float' to 'int', possible loss of data
D:\programming\Projects\StudyWare\StudyWare\StudyWare\Body.cpp(2117,30): warning C4244: 'argument': conversion from 'float' to 'int', possible loss of data
D:\programming\Projects\StudyWare\StudyWare\StudyWare\Body.cpp(2118,45): warning C4244: 'argument': conversion from 'float' to 'int', possible loss of data
D:\programming\Projects\StudyWare\StudyWare\StudyWare\Body.cpp(2118,30): warning C4244: 'argument': conversion from 'float' to 'int', possible loss of data
D:\programming\Projects\StudyWare\StudyWare\StudyWare\Body.cpp(2120,49): warning C4244: 'argument': conversion from 'float' to 'int', possible loss of data
D:\programming\Projects\StudyWare\StudyWare\StudyWare\Body.cpp(2120,34): warning C4244: 'argument': conversion from 'float' to 'int', possible loss of data
D:\programming\Projects\StudyWare\StudyWare\StudyWare\Body.cpp(2122,92): warning C4244: 'argument': conversion from 'float' to 'int', possible loss of data
D:\programming\Projects\StudyWare\StudyWare\StudyWare\Body.cpp(2122,65): warning C4244: 'argument': conversion from 'float' to 'int', possible loss of data
D:\programming\Projects\StudyWare\StudyWare\StudyWare\Body.cpp(2155,45): warning C4244: 'argument': conversion from 'float' to 'int', possible loss of data
D:\programming\Projects\StudyWare\StudyWare\StudyWare\Body.cpp(2155,30): warning C4244: 'argument': conversion from 'float' to 'int', possible loss of data
D:\programming\Projects\StudyWare\StudyWare\StudyWare\Body.cpp(2156,45): warning C4244: 'argument': conversion from 'float' to 'int', possible loss of data
D:\programming\Projects\StudyWare\StudyWare\StudyWare\Body.cpp(2156,30): warning C4244: 'argument': conversion from 'float' to 'int', possible loss of data
D:\programming\Projects\StudyWare\StudyWare\StudyWare\Body.cpp(2158,49): warning C4244: 'argument': conversion from 'float' to 'int', possible loss of data
D:\programming\Projects\StudyWare\StudyWare\StudyWare\Body.cpp(2158,34): warning C4244: 'argument': conversion from 'float' to 'int', possible loss of data
D:\programming\Projects\StudyWare\StudyWare\StudyWare\Body.cpp(2160,92): warning C4244: 'argument': conversion from 'float' to 'int', possible loss of data
D:\programming\Projects\StudyWare\StudyWare\StudyWare\Body.cpp(2160,65): warning C4244: 'argument': conversion from 'float' to 'int', possible loss of data
D:\programming\Projects\StudyWare\StudyWare\StudyWare\Body.cpp(2190,44): warning C4244: 'argument': conversion from 'int' to 'float', possible loss of data
D:\programming\Projects\StudyWare\StudyWare\StudyWare\Body.cpp(2191,118): warning C4244: 'argument': conversion from 'float' to 'int', possible loss of data
D:\programming\Projects\StudyWare\StudyWare\StudyWare\Body.cpp(2191,66): warning C4244: 'argument': conversion from 'float' to 'int', possible loss of data
D:\programming\Projects\StudyWare\StudyWare\StudyWare\Body.cpp(2213,46): warning C4244: 'argument': conversion from 'int' to 'float', possible loss of data
D:\programming\Projects\StudyWare\StudyWare\StudyWare\Body.cpp(2214,123): warning C4244: 'argument': conversion from 'float' to 'int', possible loss of data
D:\programming\Projects\StudyWare\StudyWare\StudyWare\Body.cpp(2214,69): warning C4244: 'argument': conversion from 'float' to 'int', possible loss of data
D:\programming\Projects\StudyWare\StudyWare\StudyWare\Body.cpp(2228,48): warning C4244: 'argument': conversion from 'int' to 'float', possible loss of data
D:\programming\Projects\StudyWare\StudyWare\StudyWare\Body.cpp(2229,128): warning C4244: 'argument': conversion from 'float' to 'int', possible loss of data
D:\programming\Projects\StudyWare\StudyWare\StudyWare\Body.cpp(2229,72): warning C4244: 'argument': conversion from 'float' to 'int', possible loss of data
D:\programming\Projects\StudyWare\StudyWare\StudyWare\Body.cpp(2238,48): warning C4244: 'argument': conversion from 'int' to 'float', possible loss of data
D:\programming\Projects\StudyWare\StudyWare\StudyWare\Body.cpp(2239,128): warning C4244: 'argument': conversion from 'float' to 'int', possible loss of data
D:\programming\Projects\StudyWare\StudyWare\StudyWare\Body.cpp(2239,72): warning C4244: 'argument': conversion from 'float' to 'int', possible loss of data
D:\programming\Projects\StudyWare\StudyWare\StudyWare\Body.cpp(2248,48): warning C4244: 'argument': conversion from 'int' to 'float', possible loss of data
D:\programming\Projects\StudyWare\StudyWare\StudyWare\Body.cpp(2249,128): warning C4244: 'argument': conversion from 'float' to 'int', possible loss of data
D:\programming\Projects\StudyWare\StudyWare\StudyWare\Body.cpp(2249,72): warning C4244: 'argument': conversion from 'float' to 'int', possible loss of data
D:\programming\Projects\StudyWare\StudyWare\StudyWare\Body.cpp(2258,48): warning C4244: 'argument': conversion from 'int' to 'float', possible loss of data
D:\programming\Projects\StudyWare\StudyWare\StudyWare\Body.cpp(2259,128): warning C4244: 'argument': conversion from 'float' to 'int', possible loss of data
D:\programming\Projects\StudyWare\StudyWare\StudyWare\Body.cpp(2259,72): warning C4244: 'argument': conversion from 'float' to 'int', possible loss of data
D:\programming\Projects\StudyWare\StudyWare\StudyWare\Body.cpp(2268,50): warning C4244: 'argument': conversion from 'int' to 'float', possible loss of data
D:\programming\Projects\StudyWare\StudyWare\StudyWare\Body.cpp(2269,133): warning C4244: 'argument': conversion from 'float' to 'int', possible loss of data
D:\programming\Projects\StudyWare\StudyWare\StudyWare\Body.cpp(2269,75): warning C4244: 'argument': conversion from 'float' to 'int', possible loss of data
D:\programming\Projects\StudyWare\StudyWare\StudyWare\Body.cpp(2278,52): warning C4244: 'argument': conversion from 'int' to 'float', possible loss of data
D:\programming\Projects\StudyWare\StudyWare\StudyWare\Body.cpp(2279,138): warning C4244: 'argument': conversion from 'float' to 'int', possible loss of data
D:\programming\Projects\StudyWare\StudyWare\StudyWare\Body.cpp(2279,78): warning C4244: 'argument': conversion from 'float' to 'int', possible loss of data
D:\programming\Projects\StudyWare\StudyWare\StudyWare\Body.cpp(2288,58): warning C4244: 'argument': conversion from 'int' to 'float', possible loss of data
D:\programming\Projects\StudyWare\StudyWare\StudyWare\Body.cpp(2289,153): warning C4244: 'argument': conversion from 'float' to 'int', possible loss of data
D:\programming\Projects\StudyWare\StudyWare\StudyWare\Body.cpp(2289,87): warning C4244: 'argument': conversion from 'float' to 'int', possible loss of data
D:\programming\Projects\StudyWare\StudyWare\StudyWare\Body.cpp(2298,66): warning C4244: 'argument': conversion from 'int' to 'float', possible loss of data
D:\programming\Projects\StudyWare\StudyWare\StudyWare\Body.cpp(2299,177): warning C4244: 'argument': conversion from 'float' to 'int', possible loss of data
D:\programming\Projects\StudyWare\StudyWare\StudyWare\Body.cpp(2299,145): warning C4244: 'argument': conversion from 'float' to 'int', possible loss of data
D:\programming\Projects\StudyWare\StudyWare\StudyWare\Body.cpp(2308,50): warning C4244: 'argument': conversion from 'int' to 'float', possible loss of data
D:\programming\Projects\StudyWare\StudyWare\StudyWare\Body.cpp(2309,133): warning C4244: 'argument': conversion from 'float' to 'int', possible loss of data
D:\programming\Projects\StudyWare\StudyWare\StudyWare\Body.cpp(2309,75): warning C4244: 'argument': conversion from 'float' to 'int', possible loss of data
D:\programming\Projects\StudyWare\StudyWare\StudyWare\Body.cpp(2318,50): warning C4244: 'argument': conversion from 'int' to 'float', possible loss of data
D:\programming\Projects\StudyWare\StudyWare\StudyWare\Body.cpp(2319,133): warning C4244: 'argument': conversion from 'float' to 'int', possible loss of data
D:\programming\Projects\StudyWare\StudyWare\StudyWare\Body.cpp(2319,75): warning C4244: 'argument': conversion from 'float' to 'int', possible loss of data
D:\programming\Projects\StudyWare\StudyWare\StudyWare\Body.cpp(2449,42): warning C4244: 'argument': conversion from 'float' to 'int', possible loss of data
D:\programming\Projects\StudyWare\StudyWare\StudyWare\Body.cpp(2449,30): warning C4244: 'argument': conversion from 'float' to 'int', possible loss of data
D:\programming\Projects\StudyWare\StudyWare\StudyWare\Body.cpp(2451,42): warning C4244: 'argument': conversion from 'float' to 'int', possible loss of data
D:\programming\Projects\StudyWare\StudyWare\StudyWare\Body.cpp(2451,30): warning C4244: 'argument': conversion from 'float' to 'int', possible loss of data
D:\programming\Projects\StudyWare\StudyWare\StudyWare\Body.cpp(2454,47): warning C4244: 'argument': conversion from 'float' to 'int', possible loss of data
D:\programming\Projects\StudyWare\StudyWare\StudyWare\Body.cpp(2454,36): warning C4244: 'argument': conversion from 'float' to 'int', possible loss of data
D:\programming\Projects\StudyWare\StudyWare\StudyWare\Body.cpp(2488,42): warning C4244: 'argument': conversion from 'float' to 'int', possible loss of data
D:\programming\Projects\StudyWare\StudyWare\StudyWare\Body.cpp(2488,30): warning C4244: 'argument': conversion from 'float' to 'int', possible loss of data
D:\programming\Projects\StudyWare\StudyWare\StudyWare\Body.cpp(2490,42): warning C4244: 'argument': conversion from 'float' to 'int', possible loss of data
D:\programming\Projects\StudyWare\StudyWare\StudyWare\Body.cpp(2490,30): warning C4244: 'argument': conversion from 'float' to 'int', possible loss of data
D:\programming\Projects\StudyWare\StudyWare\StudyWare\Body.cpp(2493,41): warning C4244: 'argument': conversion from 'float' to 'int', possible loss of data
D:\programming\Projects\StudyWare\StudyWare\StudyWare\Body.cpp(2493,30): warning C4244: 'argument': conversion from 'float' to 'int', possible loss of data
D:\programming\Projects\StudyWare\StudyWare\StudyWare\Body.cpp(2527,42): warning C4244: 'argument': conversion from 'float' to 'int', possible loss of data
D:\programming\Projects\StudyWare\StudyWare\StudyWare\Body.cpp(2527,30): warning C4244: 'argument': conversion from 'float' to 'int', possible loss of data
D:\programming\Projects\StudyWare\StudyWare\StudyWare\Body.cpp(2529,42): warning C4244: 'argument': conversion from 'float' to 'int', possible loss of data
D:\programming\Projects\StudyWare\StudyWare\StudyWare\Body.cpp(2529,30): warning C4244: 'argument': conversion from 'float' to 'int', possible loss of data
D:\programming\Projects\StudyWare\StudyWare\StudyWare\Body.cpp(2532,41): warning C4244: 'argument': conversion from 'float' to 'int', possible loss of data
D:\programming\Projects\StudyWare\StudyWare\StudyWare\Body.cpp(2532,30): warning C4244: 'argument': conversion from 'float' to 'int', possible loss of data
D:\programming\Projects\StudyWare\StudyWare\StudyWare\Body.cpp(2566,42): warning C4244: 'argument': conversion from 'float' to 'int', possible loss of data
D:\programming\Projects\StudyWare\StudyWare\StudyWare\Body.cpp(2566,30): warning C4244: 'argument': conversion from 'float' to 'int', possible loss of data
D:\programming\Projects\StudyWare\StudyWare\StudyWare\Body.cpp(2568,42): warning C4244: 'argument': conversion from 'float' to 'int', possible loss of data
D:\programming\Projects\StudyWare\StudyWare\StudyWare\Body.cpp(2568,30): warning C4244: 'argument': conversion from 'float' to 'int', possible loss of data
D:\programming\Projects\StudyWare\StudyWare\StudyWare\Body.cpp(2571,41): warning C4244: 'argument': conversion from 'float' to 'int', possible loss of data
D:\programming\Projects\StudyWare\StudyWare\StudyWare\Body.cpp(2571,30): warning C4244: 'argument': conversion from 'float' to 'int', possible loss of data
D:\programming\Projects\StudyWare\StudyWare\StudyWare\Body.cpp(2606,45): warning C4244: 'argument': conversion from 'float' to 'int', possible loss of data
D:\programming\Projects\StudyWare\StudyWare\StudyWare\Body.cpp(2606,32): warning C4244: 'argument': conversion from 'float' to 'int', possible loss of data
D:\programming\Projects\StudyWare\StudyWare\StudyWare\Body.cpp(2608,45): warning C4244: 'argument': conversion from 'float' to 'int', possible loss of data
D:\programming\Projects\StudyWare\StudyWare\StudyWare\Body.cpp(2608,32): warning C4244: 'argument': conversion from 'float' to 'int', possible loss of data
D:\programming\Projects\StudyWare\StudyWare\StudyWare\Body.cpp(2611,42): warning C4244: 'argument': conversion from 'float' to 'int', possible loss of data
D:\programming\Projects\StudyWare\StudyWare\StudyWare\Body.cpp(2611,31): warning C4244: 'argument': conversion from 'float' to 'int', possible loss of data
D:\programming\Projects\StudyWare\StudyWare\StudyWare\Body.cpp(2645,48): warning C4244: 'argument': conversion from 'float' to 'int', possible loss of data
D:\programming\Projects\StudyWare\StudyWare\StudyWare\Body.cpp(2645,34): warning C4244: 'argument': conversion from 'float' to 'int', possible loss of data
D:\programming\Projects\StudyWare\StudyWare\StudyWare\Body.cpp(2647,48): warning C4244: 'argument': conversion from 'float' to 'int', possible loss of data
D:\programming\Projects\StudyWare\StudyWare\StudyWare\Body.cpp(2647,34): warning C4244: 'argument': conversion from 'float' to 'int', possible loss of data
D:\programming\Projects\StudyWare\StudyWare\StudyWare\Body.cpp(2650,43): warning C4244: 'argument': conversion from 'float' to 'int', possible loss of data
D:\programming\Projects\StudyWare\StudyWare\StudyWare\Body.cpp(2650,32): warning C4244: 'argument': conversion from 'float' to 'int', possible loss of data
D:\programming\Projects\StudyWare\StudyWare\StudyWare\Body.cpp(2684,57): warning C4244: 'argument': conversion from 'float' to 'int', possible loss of data
D:\programming\Projects\StudyWare\StudyWare\StudyWare\Body.cpp(2684,40): warning C4244: 'argument': conversion from 'float' to 'int', possible loss of data
D:\programming\Projects\StudyWare\StudyWare\StudyWare\Body.cpp(2686,57): warning C4244: 'argument': conversion from 'float' to 'int', possible loss of data
D:\programming\Projects\StudyWare\StudyWare\StudyWare\Body.cpp(2686,40): warning C4244: 'argument': conversion from 'float' to 'int', possible loss of data
D:\programming\Projects\StudyWare\StudyWare\StudyWare\Body.cpp(2689,46): warning C4244: 'argument': conversion from 'float' to 'int', possible loss of data
D:\programming\Projects\StudyWare\StudyWare\StudyWare\Body.cpp(2689,35): warning C4244: 'argument': conversion from 'float' to 'int', possible loss of data
D:\programming\Projects\StudyWare\StudyWare\StudyWare\Body.cpp(2723,69): warning C4244: 'argument': conversion from 'float' to 'int', possible loss of data
D:\programming\Projects\StudyWare\StudyWare\StudyWare\Body.cpp(2723,48): warning C4244: 'argument': conversion from 'float' to 'int', possible loss of data
D:\programming\Projects\StudyWare\StudyWare\StudyWare\Body.cpp(2725,69): warning C4244: 'argument': conversion from 'float' to 'int', possible loss of data
D:\programming\Projects\StudyWare\StudyWare\StudyWare\Body.cpp(2725,48): warning C4244: 'argument': conversion from 'float' to 'int', possible loss of data
D:\programming\Projects\StudyWare\StudyWare\StudyWare\Body.cpp(2728,50): warning C4244: 'argument': conversion from 'float' to 'int', possible loss of data
D:\programming\Projects\StudyWare\StudyWare\StudyWare\Body.cpp(2728,39): warning C4244: 'argument': conversion from 'float' to 'int', possible loss of data
D:\programming\Projects\StudyWare\StudyWare\StudyWare\Body.cpp(2762,45): warning C4244: 'argument': conversion from 'float' to 'int', possible loss of data
D:\programming\Projects\StudyWare\StudyWare\StudyWare\Body.cpp(2762,32): warning C4244: 'argument': conversion from 'float' to 'int', possible loss of data
D:\programming\Projects\StudyWare\StudyWare\StudyWare\Body.cpp(2764,45): warning C4244: 'argument': conversion from 'float' to 'int', possible loss of data
D:\programming\Projects\StudyWare\StudyWare\StudyWare\Body.cpp(2764,32): warning C4244: 'argument': conversion from 'float' to 'int', possible loss of data
D:\programming\Projects\StudyWare\StudyWare\StudyWare\Body.cpp(2767,42): warning C4244: 'argument': conversion from 'float' to 'int', possible loss of data
D:\programming\Projects\StudyWare\StudyWare\StudyWare\Body.cpp(2767,31): warning C4244: 'argument': conversion from 'float' to 'int', possible loss of data
D:\programming\Projects\StudyWare\StudyWare\StudyWare\Body.cpp(2801,45): warning C4244: 'argument': conversion from 'float' to 'int', possible loss of data
D:\programming\Projects\StudyWare\StudyWare\StudyWare\Body.cpp(2801,32): warning C4244: 'argument': conversion from 'float' to 'int', possible loss of data
D:\programming\Projects\StudyWare\StudyWare\StudyWare\Body.cpp(2803,45): warning C4244: 'argument': conversion from 'float' to 'int', possible loss of data
D:\programming\Projects\StudyWare\StudyWare\StudyWare\Body.cpp(2803,32): warning C4244: 'argument': conversion from 'float' to 'int', possible loss of data
D:\programming\Projects\StudyWare\StudyWare\StudyWare\Body.cpp(2806,42): warning C4244: 'argument': conversion from 'float' to 'int', possible loss of data
D:\programming\Projects\StudyWare\StudyWare\StudyWare\Body.cpp(2806,31): warning C4244: 'argument': conversion from 'float' to 'int', possible loss of data
D:\programming\Projects\StudyWare\StudyWare\StudyWare\Body.cpp(2840,39): warning C4244: 'argument': conversion from 'float' to 'int', possible loss of data
D:\programming\Projects\StudyWare\StudyWare\StudyWare\Body.cpp(2840,28): warning C4244: 'argument': conversion from 'float' to 'int', possible loss of data
  StudyWare.vcxproj -> D:\programming\Projects\StudyWare\StudyWare\x64\Debug\StudyWare.exe
